<testsuite name="nose2-junit" errors="0" failures="0" skipped="0" tests="5" time="0.002">
  <testcase time="0.000515" classname="test_dump.TestDump" name="test_dump_groupname">
    <system-out />
  </testcase>
  <testcase time="0.000060" classname="test_dump.TestDump" name="test_dump_stockname">
    <system-out />
  </testcase>
  <testcase time="0.000058" classname="test_dump.TestDump" name="test_dump_value">
    <system-out />
  </testcase>
  <testcase time="0.001383" classname="test_load.TestLoad" name="test_load">
    <system-out />
  </testcase>
  <testcase time="0.000323" classname="test_load.TestLoad" name="test_load_comment_error">
    <system-out />
  </testcase>
</testsuite>
